{
  "RSpec": {
    "coverage": {
      "/Users/Ammar/Development/code/tic-tac-toe-rb-re-coded_staff/lib/tic_tac_toe.rb": [
        null,
        1,
        null,
        null,
        null,
        null,
        null,
        null,
        null,
        null,
        1,
        0,
        null,
        1,
        24,
        24,
        24,
        24,
        24,
        null,
        null,
        1,
        23,
        null,
        null,
        1,
        22,
        null,
        null,
        1,
        152,
        null,
        null,
        1,
        23,
        null,
        null,
        1,
        20,
        20,
        20,
        20,
        19,
        19,
        null,
        1,
        null,
        null,
        null,
        1,
        210,
        null,
        1,
        20,
        20,
        null,
        1,
        63,
        413,
        null,
        null,
        null,
        null,
        null,
        1,
        22,
        116,
        null,
        null,
        null,
        1,
        28,
        null,
        null,
        1,
        21,
        null,
        null,
        1,
        11,
        null,
        null,
        1,
        12,
        17,
        null,
        12,
        3,
        null,
        9,
        null,
        null
      ]
    },
    "timestamp": 1597882364
  }
}
